1111 1111 1111 1111	0000 0000 0000 0000	1	0	1	0	1	0	0000 0000 0000 0000	0	1
Input(100,200)	Input(100,280)	zx	nx	zy	ny	F	NO	Output(410,260)	zr	ng
1101 1111 1111 1111	0000 0000 0000 0000	1	0	1	0	1	0	0000 0000 0000 0000	1	0
x	Input(100,280)	zx	nx	zy	ny	F	NO	Output(410,260)	zr	ng
1101 1111 1111 1111	0000 0000 0000 1000	1	0	1	0	1	0	0000 0000 0000 0000	1	0
x	y	zx	nx	zy	ny	F	NO	out	zr	ng
0000 0000 0000 0000	0000 0000 0000 0000	0	0	0	0	0	0	xxxx xxxx xxxx xxxx	x	x
0000 0000 0000 0000	0000 0000 0000 0000	0	0	0	0	0	0	0000 0000 0000 0000	1	0
0010 0000 0000 0000	0000 0000 0000 0000	0	0	0	0	0	0	0010 0000 0000 0000	0	0
0010 0000 0000 0001	0000 0000 0000 0000	0	0	0	0	0	0	0010 0000 0000 0001	0	0
0010 0000 0000 0011	0000 0000 0000 0000	0	0	0	0	0	0	0010 0000 0000 0011	0	0
0010 0000 0000 0111	0000 0000 0000 0000	0	0	0	0	0	0	0010 0000 0000 0111	0	0
0010 0000 0000 1111	0000 0000 0000 0000	0	0	0	0	0	0	0010 0000 0000 1111	0	0
0010 0000 0001 1111	0000 0000 0000 0000	0	0	0	0	0	0	0010 0000 0001 1111	0	0
0010 0000 0011 1111	0000 0000 0000 0000	0	0	0	0	0	0	0010 0000 0011 1111	0	0
0010 0000 0111 1111	0000 0000 0000 0000	0	0	0	0	0	0	0010 0000 0111 1111	0	0
0010 0000 1111 1111	0000 0000 0000 0000	0	0	0	0	0	0	0010 0000 0111 1111	0	0
0010 0001 1111 1111	0000 0000 0000 0000	0	0	0	0	0	0	0010 0000 0111 1111	0	0
0010 0011 1111 1111	0000 0000 0000 0000	0	0	0	0	0	0	0010 0000 0111 1111	0	0
0010 0111 1111 1111	0000 0000 0000 0000	0	0	0	0	0	0	0010 0000 0111 1111	0	0
0010 1111 1111 1111	0000 0000 0000 0000	0	0	0	0	0	0	0010 0000 0111 1111	0	0
0011 1111 1111 1111	0000 0000 0000 0000	0	0	0	0	0	0	0010 0000 0111 1111	0	0
0111 1111 1111 1111	0000 0000 0000 0000	0	0	0	0	0	0	0010 0000 0111 1111	0	0
1111 1111 1111 1111	0000 0000 0000 0000	0	0	0	0	0	0	0010 0000 0111 1111	0	0
1111 1111 1111 1111	0000 0000 0000 0000	1	0	0	0	0	0	0010 0000 0111 1111	0	0
1111 1111 1111 1111	0000 0000 0000 0000	1	0	1	0	0	0	0010 0000 0111 1111	0	0
1111 1111 1111 1111	0000 0000 0000 0000	1	0	1	0	1	0	0010 0000 0111 1111	0	0
1111 1111 1111 1111	0000 0000 0000 0000	1	0	1	0	1	0	0000 0000 0000 0000	1	0
1101 1111 1111 1111	0000 0000 0000 0000	1	0	1	0	1	0	0000 0000 0000 0000	1	0
x	y	zx	nx	zy	ny	F	NO	out	zr	ng
0000 0000 0000 0000	1111 1111 1111 1111	1	0	1	0	1	0	0000 0000 0000 0000	1	0
xx	zx	nx	zy	ny	F	NO	out	zr	ng
0000 0000 0000 0000	1	1	1	0	1	0	0000 0000 0000 0000	1	0
0000 0000 0000 0000	1	1	1	1	1	0	1111 1111 1111 1111	0	0
0000 0000 0000 0000	1	1	1	1	1	1	0000 0000 0000 0000	1	0
0000 0000 0000 0000	1	1	1	1	1	1	0000 0000 0000 0001	0	0
0001 0000 0000 0001	1	1	1	1	1	1	0000 0000 0000 0001	0	0
0000 0000 0000 1001	1	1	1	1	1	1	0000 0000 0000 0001	0	0
0000 0000 0001 0001	1	1	1	1	1	1	0000 0000 0000 0001	0	0
0000 0000 0001 0001	0	1	1	1	1	1	0000 0000 0001 0010	0	0
0000 0000 0001 0001	0	0	1	1	1	1	1111 1111 1110 1111	0	0
0000 0000 0001 0001	0	0	0	1	1	1	1111 1111 1111 0010	0	0
0000 0000 0001 0001	0	0	0	1	1	1	xxxx xxxx xxxx xxxx	x	x
0000 0000 0001 0001	0	0	0	1	1	1	0000 0000 0000 1101	0	0
0000 0000 0001 0001	0	0	0	1	1	1	xxxx xxxx xxxx xxxx	x	x
0000 0000 0001 0001	0	0	0	1	1	1	1111 1111 1111 0010	0	0
0000 0000 0001 0001	0	0	0	1	1	1	1111 1111 1111 0010	0	x
0000 0000 0001 0001	0	0	0	1	1	1	1111 1111 1111 0010	0	0
0000 0000 0001 0001	0	0	0	1	1	1	1111 1111 1111 0010	0	1
0000 0000 0001 0001	0	0	0	0	1	1	1111 1111 1110 1011	0	1
0000 0000 0001 0001	0	0	0	0	0	1	1111 1111 1111 1110	0	1
0000 0000 0001 0001	0	0	0	0	0	0	0000 0000 0000 0001	0	0
0000 0000 0001 0001	0	1	0	0	0	0	0000 0000 0000 0010	0	0
0000 0000 0001 0001	0	1	0	1	0	0	1111 1111 1110 1100	0	1
0000 0000 0001 0001	0	1	0	1	0	1	0000 0000 0001 0011	0	0
